c:\workplace\projects\lua547-win64\lua547\lua54\debug\vc143.pdb
c:\workplace\projects\lua547-win64\lua547\lua54\debug\vc143.idb
c:\workplace\projects\lua547-win64\lua547\lua54\debug\lopcodes.obj
c:\workplace\projects\lua547-win64\lua547\lua54\debug\lobject.obj
c:\workplace\projects\lua547-win64\lua547\lua54\debug\loadlib.obj
c:\workplace\projects\lua547-win64\lua547\lua54\debug\lmem.obj
c:\workplace\projects\lua547-win64\lua547\lua54\debug\lmathlib.obj
c:\workplace\projects\lua547-win64\lua547\lua54\debug\llex.obj
c:\workplace\projects\lua547-win64\lua547\lua54\debug\liolib.obj
c:\workplace\projects\lua547-win64\lua547\lua54\debug\linit.obj
c:\workplace\projects\lua547-win64\lua547\lua54\debug\lgc.obj
c:\workplace\projects\lua547-win64\lua547\lua54\debug\lfunc.obj
c:\workplace\projects\lua547-win64\lua547\lua54\debug\ldump.obj
c:\workplace\projects\lua547-win64\lua547\lua54\debug\ldo.obj
c:\workplace\projects\lua547-win64\lua547\lua54\debug\ldebug.obj
c:\workplace\projects\lua547-win64\lua547\lua54\debug\ldblib.obj
c:\workplace\projects\lua547-win64\lua547\lua54\debug\lctype.obj
c:\workplace\projects\lua547-win64\lua547\lua54\debug\lcorolib.obj
c:\workplace\projects\lua547-win64\lua547\lua54\debug\lcode.obj
c:\workplace\projects\lua547-win64\lua547\lua54\debug\lbaselib.obj
c:\workplace\projects\lua547-win64\lua547\lua54\debug\lauxlib.obj
c:\workplace\projects\lua547-win64\lua547\lua54\debug\lapi.obj
c:\workplace\projects\lua547-win64\lua547\lua54\debug\lzio.obj
c:\workplace\projects\lua547-win64\lua547\lua54\debug\lvm.obj
c:\workplace\projects\lua547-win64\lua547\lua54\debug\lutf8lib.obj
c:\workplace\projects\lua547-win64\lua547\lua54\debug\lundump.obj
c:\workplace\projects\lua547-win64\lua547\lua54\debug\lua.obj
c:\workplace\projects\lua547-win64\lua547\lua54\debug\ltm.obj
c:\workplace\projects\lua547-win64\lua547\lua54\debug\ltablib.obj
c:\workplace\projects\lua547-win64\lua547\lua54\debug\ltable.obj
c:\workplace\projects\lua547-win64\lua547\lua54\debug\lstrlib.obj
c:\workplace\projects\lua547-win64\lua547\lua54\debug\lstring.obj
c:\workplace\projects\lua547-win64\lua547\lua54\debug\lstate.obj
c:\workplace\projects\lua547-win64\lua547\lua54\debug\lparser.obj
c:\workplace\projects\lua547-win64\lua547\lua54\debug\loslib.obj
c:\workplace\projects\lua547-win64\lua547\debug\lua54.exe
c:\workplace\projects\lua547-win64\lua547\debug\lua54.pdb
c:\workplace\projects\lua547-win64\lua547\lua54\debug\lua54.ilk
c:\workplace\projects\lua547-win64\lua547\lua54\debug\lua54.tlog\cl.command.1.tlog
c:\workplace\projects\lua547-win64\lua547\lua54\debug\lua54.tlog\cl.items.tlog
c:\workplace\projects\lua547-win64\lua547\lua54\debug\lua54.tlog\cl.read.1.tlog
c:\workplace\projects\lua547-win64\lua547\lua54\debug\lua54.tlog\cl.write.1.tlog
c:\workplace\projects\lua547-win64\lua547\lua54\debug\lua54.tlog\link.command.1.tlog
c:\workplace\projects\lua547-win64\lua547\lua54\debug\lua54.tlog\link.read.1.tlog
c:\workplace\projects\lua547-win64\lua547\lua54\debug\lua54.tlog\link.secondary.1.tlog
c:\workplace\projects\lua547-win64\lua547\lua54\debug\lua54.tlog\link.write.1.tlog
